<?xml version="1.0" encoding="UTF-8"?>
<testsuite xmlns:xsi="http://www.w3.org/2001/XMLSchema-instance" xsi:noNamespaceSchemaLocation="https://maven.apache.org/surefire/maven-surefire-plugin/xsd/surefire-test-report-3.0.xsd" version="3.0" name="CalculatorTest" time="0.04" tests="5" errors="0" skipped="0" failures="0">
  <properties>
[...]
</properties>
  <testcase name="divideThreeDividedBySix" classname="CalculatorTest" time="0.004"/>
  <testcase name="substractFiveMinusFive" classname="CalculatorTest" time="0"/>
  <testcase name="addFivePlusFive" classname="CalculatorTest" time="0"/>
  <testcase name="divideFiveDividedByFive" classname="CalculatorTest" time="0"/>
  <testcase name="multiplyFiveTimesFive" classname="CalculatorTest" time="0"/>
</testsuite>